#
# A fatal error has been detected by the Java Runtime Environment:
#
#  EXCEPTION_ACCESS_VIOLATION (0xc0000005) at pc=0x00007ffa95601b85, pid=11568, tid=12172
#
# JRE version:  (23.0.2+7) (build )
# Java VM: OpenJDK 64-Bit Server VM (23.0.2+7-58, mixed mode, sharing, tiered, compressed class ptrs, unknown gc, windows-amd64)
# Problematic frame:
# C  [jimage.dll+0x1b85]
#
# No core dump will be written. Minidumps are not enabled by default on client versions of Windows
#
#

---------------  S U M M A R Y ------------

Command Line: 

Host: 13th Gen Intel(R) Core(TM) i5-13600K, 20 cores, 31G,  Windows 11 , 64 bit Build 26100 (10.0.26100.2454)
Time: Wed Feb  5 19:11:27 2025 GTB Standard Time elapsed time: 0.019950 seconds (0d 0h 0m 0s)

---------------  T H R E A D  ---------------

Current thread is native thread

Stack: [0x00000051ed600000,0x00000051ed700000],  sp=0x00000051ed6fe220,  free space=1016k
Native frames: (J=compiled Java code, j=interpreted, Vv=VM code, C=native code)
C  [jimage.dll+0x1b85]  (no source info available)
C  [jimage.dll+0x1d13]  (no source info available)
C  [jimage.dll+0x25dd]  (no source info available)
V  [jvm.dll+0x21a062]  (no source info available)
V  [jvm.dll+0xbfa50]  (no source info available)
V  [jvm.dll+0x82d4bc]  (no source info available)
V  [jvm.dll+0x454f2e]  (no source info available)
V  [jvm.dll+0x456db1]  (no source info available)
C  [jli.dll+0x52a3]  (no source info available)
C  [ucrtbase.dll+0x14ea0]  (no source info available)
C  [KERNEL32.DLL+0x2e8d7]  (no source info available)
C  [ntdll.dll+0xdfbcc]  (no source info available)


siginfo: EXCEPTION_ACCESS_VIOLATION (0xc0000005), reading address 0x000000000001a14c


Registers:
RAX=0x000000000000684c, RBX=0x00000051ed6fe311, RCX=0x00007ffa95606000, RDX=0x000000000000684c
RSP=0x00000051ed6fe220, RBP=0x00000051ed6fe310, RSI=0x00000000000076de, RDI=0x00000051ed6fe310
R8 =0x00007ffa95604298, R9 =0x000000000000001c, R10=0x00007ffa95610000, R11=0x00007ffa95606000
R12=0x0000000000000000, R13=0x00000051ed6ffd80, R14=0x00000051ed6ff380, R15=0x00007ffa0749d898
RIP=0x00007ffa95601b85, EFLAGS=0x0000000000010246


Top of Stack: (sp=0x00000051ed6fe220)
0x00000051ed6fe220:   0000000000000000 0000000000000000
0x00000051ed6fe230:   0000000000000000 0000000000000000
0x00000051ed6fe240:   000001c65f46ff50 00007ffa95601d13
0x00000051ed6fe250:   000000000000000b 000001c65f46ff50
0x00000051ed6fe260:   0000000000000000 0000000000000000
0x00000051ed6fe270:   0000000000000000 0000000000000000
0x00000051ed6fe280:   0000000000000000 0000000000000000
0x00000051ed6fe290:   0000003000000000 0000000000000000
0x00000051ed6fe2a0:   0000000000000000 0000000000000000
0x00000051ed6fe2b0:   0000f12fb893b142 0000000000000000
0x00000051ed6fe2c0:   00007ffa0747b6f0 0000000000000017
0x00000051ed6fe2d0:   000001c65f46ff50 00000051ed6ff380
0x00000051ed6fe2e0:   000000000000000b 00007ffa956025dd
0x00000051ed6fe2f0:   0000000000000000 0000000000000000
0x00000051ed6fe300:   000001c65f470740 0000000000000000
0x00000051ed6fe310:   61622e6176616a2f 692f6b646a2f6573
0x00000051ed6fe320:   2f6c616e7265746e 6f6974706f2f6d76
0x00000051ed6fe330:   000000000000736e 0000000000000000
0x00000051ed6fe340:   0000000000000000 0000000000000000
0x00000051ed6fe350:   000001c65f4705f0 0000000000000000
0x00000051ed6fe360:   0000000000000000 0000000000000000
0x00000051ed6fe370:   0000000000000000 0000000000000000
0x00000051ed6fe380:   0000000000000000 0000000000000000
0x00000051ed6fe390:   0000000000000000 0000000000000000
0x00000051ed6fe3a0:   0000000000000000 0000000000000000
0x00000051ed6fe3b0:   0000000000000000 0000000000000000
0x00000051ed6fe3c0:   0000000000000000 0000000000000000
0x00000051ed6fe3d0:   0000000000000000 0000000000000000
0x00000051ed6fe3e0:   0000000000000000 0000000000000000
0x00000051ed6fe3f0:   0000000000000014 000001c6618cf670
0x00000051ed6fe400:   0000000000008210 00000000000081fe
0x00000051ed6fe410:   0000000000008210 00007ffac3df0134 

Instructions: (pc=0x00007ffa95601b85)
0x00007ffa95601a85:   48 85 c9 74 1d 80 3d 7f 45 00 00 00 74 06 48 8b
0x00007ffa95601a95:   53 18 eb 04 48 8b 53 40 e8 9a 0e 00 00 48 83 63
0x00007ffa95601aa5:   48 00 8b 4b 0c 83 f9 ff 74 09 e8 d0 0c 00 00 83
0x00007ffa95601ab5:   4b 0c ff 48 8b 4b 70 48 85 c9 74 0f ba 10 00 00
0x00007ffa95601ac5:   00 e8 f1 0e 00 00 48 83 63 70 00 48 83 c4 20 5b
0x00007ffa95601ad5:   c3 cc cc 40 53 48 83 ec 20 48 8b d9 48 8d 0d 38
0x00007ffa95601ae5:   47 00 00 e8 9f 0c 00 00 83 6b 08 01 75 24 48 8b
0x00007ffa95601af5:   d3 48 8d 0d 1b 45 00 00 e8 22 08 00 00 48 8b cb
0x00007ffa95601b05:   e8 d6 fe ff ff ba 78 00 00 00 48 8b cb e8 a5 0e
0x00007ffa95601b15:   00 00 48 8d 0d 02 47 00 00 48 83 c4 20 5b e9 6c
0x00007ffa95601b25:   0c 00 00 48 89 5c 24 08 48 89 74 24 10 57 48 83
0x00007ffa95601b35:   ec 20 41 8b f1 4d 8b c8 48 8b fa 4c 8b d9 4d 85
0x00007ffa95601b45:   c0 74 78 85 f6 74 74 44 8a 12 48 8d 5a 01 48 8b
0x00007ffa95601b55:   d3 b8 93 01 00 01 eb 12 69 c0 93 01 00 01 41 0f
0x00007ffa95601b65:   b6 ca 44 8a 12 33 c1 48 ff c2 45 84 d2 75 e9 4d
0x00007ffa95601b75:   8b 03 0f ba f0 1f 33 d2 49 8b cb f7 f6 48 63 c2
0x00007ffa95601b85:   41 8b 14 81 41 ff 50 08 85 c0 7e 24 8a 0f eb 10
0x00007ffa95601b95:   69 c0 93 01 00 01 0f b6 c9 33 c1 8a 0b 48 ff c3
0x00007ffa95601ba5:   84 c9 75 ec 0f ba f0 1f 33 d2 f7 f6 8b c2 eb 0e
0x00007ffa95601bb5:   79 09 83 c9 ff 2b c8 8b c1 eb 03 83 c8 ff 48 8b
0x00007ffa95601bc5:   5c 24 30 48 8b 74 24 38 48 83 c4 20 5f c3 cc 48
0x00007ffa95601bd5:   89 5c 24 08 48 89 74 24 10 57 48 83 ec 20 48 8b
0x00007ffa95601be5:   f1 48 8d 0d 33 46 00 00 e8 9a 0b 00 00 33 ff 39
0x00007ffa95601bf5:   3d 1e 44 00 00 76 24 48 8b 05 1d 44 00 00 48 8b
0x00007ffa95601c05:   d6 48 8b 1c f8 48 8b 0b e8 68 1e 00 00 85 c0 74
0x00007ffa95601c15:   2b ff c7 3b 3d fa 43 00 00 72 dc 33 db 48 8d 0d
0x00007ffa95601c25:   f7 45 00 00 e8 66 0b 00 00 48 8b 74 24 38 48 8b
0x00007ffa95601c35:   c3 48 8b 5c 24 30 48 83 c4 20 5f c3 ff 43 08 eb
0x00007ffa95601c45:   dc cc cc 48 89 5c 24 08 48 89 74 24 10 57 48 83
0x00007ffa95601c55:   ec 20 48 8b d9 48 8b f2 48 8b 49 10 49 8b f8 8b
0x00007ffa95601c65:   53 30 48 8b 01 ff 50 20 4c 8b 43 50 48 8b d6 48
0x00007ffa95601c75:   8b 4b 10 44 8b c8 e8 a8 fe ff ff 83 f8 ff 74 38 



---------------  P R O C E S S  ---------------

VM state: not at safepoint (not fully initialized)

VM Mutex/Monitor currently owned by a thread: None

CDS archive(s) mapped at: [0x0000000000000000-0x0000000000000000-0x0000000000000000), size 0, SharedBaseAddress: 0x0000000800000000, ArchiveRelocationMode: 1.
Narrow klass base: 0x0000000000000000, Narrow klass shift: 0, Narrow klass range: 0x0

GC Precious Log:
<Not initialized>


Dynamic libraries:
0x00007ff6b4e90000 - 0x00007ff6b4e9e000 	C:\Users\rosal\.jdks\openjdk-23.0.2\bin\java.exe
0x00007ffac3de0000 - 0x00007ffac4043000 	C:\WINDOWS\SYSTEM32\ntdll.dll
0x00007ffac1f20000 - 0x00007ffac1fe8000 	C:\WINDOWS\System32\KERNEL32.DLL
0x00007ffac1320000 - 0x00007ffac16d2000 	C:\WINDOWS\System32\KERNELBASE.dll
0x00007ffac1930000 - 0x00007ffac1a7b000 	C:\WINDOWS\System32\ucrtbase.dll
0x00007ffa9ada0000 - 0x00007ffa9adb7000 	C:\Users\rosal\.jdks\openjdk-23.0.2\bin\jli.dll
0x00007ffac2ba0000 - 0x00007ffac2d68000 	C:\WINDOWS\System32\USER32.dll
0x00007ffac16e0000 - 0x00007ffac1707000 	C:\WINDOWS\System32\win32u.dll
0x00007ffaa8750000 - 0x00007ffaa89e0000 	C:\WINDOWS\WinSxS\amd64_microsoft.windows.common-controls_6595b64144ccf1df_6.0.26100.2454_none_3e0b68a2e331ad60\COMCTL32.dll
0x00007ffac3330000 - 0x00007ffac335a000 	C:\WINDOWS\System32\GDI32.dll
0x00007ffac1e40000 - 0x00007ffac1ee9000 	C:\WINDOWS\System32\msvcrt.dll
0x00007ffac1a80000 - 0x00007ffac1bab000 	C:\WINDOWS\System32\gdi32full.dll
0x00007ffac1270000 - 0x00007ffac1313000 	C:\WINDOWS\System32\msvcp_win.dll
0x00007ffa95610000 - 0x00007ffa9562b000 	C:\Users\rosal\.jdks\openjdk-23.0.2\bin\VCRUNTIME140.dll
0x00007ffac2b00000 - 0x00007ffac2b2f000 	C:\WINDOWS\System32\IMM32.DLL
0x00007ffabab90000 - 0x00007ffabab9c000 	C:\Users\rosal\.jdks\openjdk-23.0.2\bin\vcruntime140_1.dll
0x00007ffa5e1e0000 - 0x00007ffa5e26e000 	C:\Users\rosal\.jdks\openjdk-23.0.2\bin\msvcp140.dll
0x00007ffa06ac0000 - 0x00007ffa07810000 	C:\Users\rosal\.jdks\openjdk-23.0.2\bin\server\jvm.dll
0x00007ffac3180000 - 0x00007ffac3234000 	C:\WINDOWS\System32\ADVAPI32.dll
0x00007ffac1d90000 - 0x00007ffac1e36000 	C:\WINDOWS\System32\sechost.dll
0x00007ffac1c40000 - 0x00007ffac1d56000 	C:\WINDOWS\System32\RPCRT4.dll
0x00007ffac34d0000 - 0x00007ffac3544000 	C:\WINDOWS\System32\WS2_32.dll
0x00007ffab3cf0000 - 0x00007ffab3d26000 	C:\WINDOWS\SYSTEM32\WINMM.dll
0x00007ffab9570000 - 0x00007ffab957b000 	C:\WINDOWS\SYSTEM32\VERSION.dll
0x00007ffabfe20000 - 0x00007ffabfe6e000 	C:\WINDOWS\SYSTEM32\POWRPROF.dll
0x00007ffabfe00000 - 0x00007ffabfe14000 	C:\WINDOWS\SYSTEM32\UMPDC.dll
0x00007ffac00c0000 - 0x00007ffac00da000 	C:\WINDOWS\SYSTEM32\kernel.appcore.dll
0x00007ffa95600000 - 0x00007ffa9560a000 	C:\Users\rosal\.jdks\openjdk-23.0.2\bin\jimage.dll
0x00007ffab13b0000 - 0x00007ffab15f1000 	C:\WINDOWS\SYSTEM32\DBGHELP.DLL
0x00007ffac2df0000 - 0x00007ffac316e000 	C:\WINDOWS\System32\combase.dll
0x00007ffac20e0000 - 0x00007ffac21b6000 	C:\WINDOWS\System32\OLEAUT32.dll
0x00007ffa7f900000 - 0x00007ffa7f939000 	C:\WINDOWS\SYSTEM32\dbgcore.DLL
0x00007ffac1710000 - 0x00007ffac17a9000 	C:\WINDOWS\System32\bcryptPrimitives.dll

dbghelp: loaded successfully - version: 4.0.5 - missing functions: none
symbol engine: initialized successfully - sym options: 0x614 - pdb path: .;C:\Users\rosal\.jdks\openjdk-23.0.2\bin;C:\WINDOWS\SYSTEM32;C:\WINDOWS\WinSxS\amd64_microsoft.windows.common-controls_6595b64144ccf1df_6.0.26100.2454_none_3e0b68a2e331ad60;C:\Users\rosal\.jdks\openjdk-23.0.2\bin\server

VM Arguments:
java_command: <unknown>
java_class_path (initial): <not set>
Launcher Type: SUN_STANDARD

[Global flags]
     bool UseLargePagesIndividualAllocation        = false                                  {pd product} {ergonomic}

Logging:
Log output configuration:
 #0: stdout all=warning uptime,level,tags foldmultilines=false
 #1: stderr all=off uptime,level,tags foldmultilines=false

Environment Variables:
PATH=C:\Program Files\Common Files\Oracle\Java\javapath;C:\WINDOWS\system32;C:\WINDOWS;C:\WINDOWS\System32\Wbem;C:\WINDOWS\System32\WindowsPowerShell\v1.0\;C:\WINDOWS\System32\OpenSSH\;C:\Program Files (x86)\NVIDIA Corporation\PhysX\Common;C:\Program Files\dotnet\;C:\Program Files\NVIDIA Corporation\NVIDIA app\NvDLISR;C:\Program Files\Go\bin;C:\Program Files\Docker\Docker\resources\bin;C:\Program Files\Git\cmd;C:\Program Files (x86)\IVI Foundation\VISA\WinNT\Bin\;C:\Program Files\IVI Foundation\VISA\Win64\Bin\;C:\Program Files (x86)\National Instruments\Shared\LabVIEW CLI;C:\Program Files (x86)\IVI Foundation\VISA\WinNT\Bin;C:\Users\rosal\AppData\Local\nvm;C:\nvm4w\nodejs;C:\Users\rosal\AppData\Local\Microsoft\WindowsApps;C:\Users\rosal\go\bin;C:\Users\rosal\AppData\Local\Programs\Microsoft VS Code\bin;C:\Program Files\PostgreSQL\17\bin;C:\Users\rosal\AppData\Local\nvm;C:\nvm4w\nodejs;C:\Program Files\JetBrains\IntelliJ IDEA 2024.3.2.2\bin;;C:\Program Files\JetBrains\IntelliJ IDEA Community Edition 2024.3.2.2\bin;
USERNAME=srosalim
OS=Windows_NT
PROCESSOR_IDENTIFIER=Intel64 Family 6 Model 183 Stepping 1, GenuineIntel
TMP=C:\Users\rosal\AppData\Local\Temp
TEMP=C:\Users\rosal\AppData\Local\Temp




Periodic native trim disabled

---------------  S Y S T E M  ---------------

OS:
 Windows 11 , 64 bit Build 26100 (10.0.26100.2454)
OS uptime: 0 days 0:03 hours

CPU: total 20 (initial active 0) 
Processor Information for the first 20 processors :
  Max Mhz: 3500, Current Mhz: 3500, Mhz Limit: 3500

Memory: 4k page, system-wide physical 32530M (21906M free)
TotalPageFile size 34578M (AvailPageFile size 22623M)
current process WorkingSet (physical memory assigned to process): 10M, peak: 10M
current process commit charge ("private bytes"): 3M, peak: 3M

vm_info: OpenJDK 64-Bit Server VM (23.0.2+7-58) for windows-amd64 JRE (23.0.2+7-58), built on 2024-11-29T09:34:55Z with MS VC++ 17.6 (VS2022)

END.
